<?xml version="1.0" encoding="UTF-8"?>
<!-- Generated by org.testng.reporters.JUnitReportReporter -->
<testsuite skipped="0" hostname="DISHANT-VAIO" name="com.TestNG.SampleTestNG.testClass" tests="1" failures="0" timestamp="30 Jun 2019 08:57:55 GMT" time="41.871" errors="0">
  <testcase name="Scenario1" time="41.871" classname="com.TestNG.SampleTestNG.testClass"/>
</testsuite> <!-- com.TestNG.SampleTestNG.testClass -->
