<?xml version="1.0" encoding="UTF-8"?>
<!-- Generated by org.testng.reporters.JUnitReportReporter -->
<testsuite skipped="0" hostname="DISHANT-VAIO" name="com.TestNG.SampleTestNG.secondScenario" tests="1" failures="0" timestamp="30 Jun 2019 09:59:16 GMT" time="19.080" errors="0">
  <testcase name="Scenario2" time="19.080" classname="com.TestNG.SampleTestNG.secondScenario"/>
</testsuite> <!-- com.TestNG.SampleTestNG.secondScenario -->
