<?xml version="1.0" encoding="UTF-8"?>
<!-- Generated by org.testng.reporters.JUnitReportReporter -->
<testsuite skipped="0" hostname="DISHANT-VAIO" name="com.TestNG.SampleTestNG.firstScenario" tests="1" failures="0" timestamp="30 Jun 2019 14:47:49 GMT" time="39.721" errors="0">
  <testcase name="Scenario1" time="39.721" classname="com.TestNG.SampleTestNG.firstScenario"/>
</testsuite> <!-- com.TestNG.SampleTestNG.firstScenario -->
