<?xml version="1.0" encoding="UTF-8"?>
<!-- Generated by org.testng.reporters.JUnitReportReporter -->
<testsuite skipped="0" hostname="DISHANT-VAIO" name="com.TestNG.SampleTestNG.walksinScenario" tests="2" failures="0" timestamp="15 Jul 2019 15:21:42 GMT" time="85.794" errors="0">
  <testcase name="loginScenario" time="48.656" classname="com.TestNG.SampleTestNG.walksinScenario"/>
  <testcase name="ScenarioOne" time="37.138" classname="com.TestNG.SampleTestNG.walksinScenario"/>
</testsuite> <!-- com.TestNG.SampleTestNG.walksinScenario -->
